{
  "RSpec": {
    "coverage": {
      "/home/just806me/Documents/projects/ruby/gems/archer/lib/archer.rb": [
        1,
        1,
        null,
        1,
        1,
        1,
        1,
        1,
        null,
        1,
        1,
        null,
        6,
        null,
        1,
        null,
        1,
        1,
        null,
        null,
        1,
        1,
        null,
        null
      ],
      "/home/just806me/Documents/projects/ruby/gems/archer/lib/archer/telegram.rb": [
        1
      ],
      "/home/just806me/Documents/projects/ruby/gems/archer/lib/archer/telegram/request.rb": [
        1,
        1,
        1,
        1,
        null,
        1,
        null,
        1,
        6,
        null,
        6,
        null,
        null,
        1,
        1,
        null,
        null,
        1,
        1,
        2,
        null,
        null,
        1,
        1,
        2,
        null,
        null,
        null,
        null,
        null
      ],
      "/home/just806me/Documents/projects/ruby/gems/archer/lib/archer/views.rb": [
        1,
        1,
        1,
        1
      ],
      "/home/just806me/Documents/projects/ruby/gems/archer/lib/archer/views/view_helper.rb": [
        1,
        1,
        1,
        1,
        null,
        1,
        1,
        null,
        null,
        1,
        2,
        1,
        1,
        null,
        null,
        null,
        1,
        2,
        1,
        1,
        null,
        null,
        null,
        1,
        2,
        1,
        1,
        null,
        null,
        null,
        1,
        2,
        1,
        1,
        null,
        null,
        null,
        1,
        2,
        1,
        1,
        null,
        null,
        null,
        1,
        2,
        1,
        1,
        null,
        null,
        null,
        null,
        null
      ],
      "/home/just806me/Documents/projects/ruby/gems/archer/lib/archer/views/text_view.rb": [
        1,
        1,
        1,
        1,
        2,
        null,
        null,
        1,
        2,
        null,
        null,
        null,
        null
      ],
      "/home/just806me/Documents/projects/ruby/gems/archer/lib/archer/views/rendered_view.rb": [
        1,
        1,
        1,
        1,
        3,
        null,
        null,
        1,
        1,
        null,
        null,
        1,
        1,
        2,
        null,
        null,
        null,
        null
      ],
      "/home/just806me/Documents/projects/ruby/gems/archer/lib/archer/views/view_finder.rb": [
        1,
        1,
        1,
        1,
        8,
        null,
        8,
        null,
        null,
        1,
        2,
        null,
        null,
        1,
        1,
        2,
        null,
        null,
        1,
        2,
        null,
        2,
        null,
        null,
        1,
        2,
        null,
        2,
        null,
        null,
        1,
        1,
        1,
        null,
        null,
        null,
        null,
        null
      ],
      "/home/just806me/Documents/projects/ruby/gems/archer/lib/archer/controller.rb": [
        1,
        1,
        1,
        null,
        1,
        8,
        null,
        null,
        1,
        2,
        null,
        null,
        1,
        1,
        5,
        4,
        4,
        null,
        4,
        null,
        null,
        4,
        11,
        null,
        null,
        4,
        null,
        null,
        null,
        5,
        null,
        null,
        1,
        1,
        13,
        null,
        null,
        1,
        1,
        null,
        null,
        null,
        null
      ],
      "/home/just806me/Documents/projects/ruby/gems/archer/lib/archer/matchers.rb": [
        1,
        1,
        1
      ],
      "/home/just806me/Documents/projects/ruby/gems/archer/lib/archer/matchers/type_matcher.rb": [
        1,
        1,
        1,
        1,
        2,
        null,
        null,
        1,
        2,
        null,
        null,
        null,
        null
      ],
      "/home/just806me/Documents/projects/ruby/gems/archer/lib/archer/matchers/regexp_matcher.rb": [
        1,
        1,
        1,
        1,
        3,
        null,
        3,
        null,
        null,
        1,
        3,
        null,
        2,
        null,
        null,
        null,
        null
      ],
      "/home/just806me/Documents/projects/ruby/gems/archer/lib/archer/matchers/command_matcher.rb": [
        1,
        1,
        1,
        1,
        5,
        null,
        5,
        null,
        null,
        1,
        3,
        null,
        2,
        null,
        null,
        1,
        1,
        4,
        null,
        null,
        null,
        null
      ],
      "/home/just806me/Documents/projects/ruby/gems/archer/lib/archer/routes.rb": [
        1,
        1,
        1
      ],
      "/home/just806me/Documents/projects/ruby/gems/archer/lib/archer/routes/route.rb": [
        1,
        1,
        1,
        1,
        null,
        1,
        null,
        1,
        10,
        null,
        10,
        null,
        10,
        null,
        10,
        null,
        null,
        1,
        2,
        null,
        null,
        1,
        1,
        null,
        1,
        null,
        null,
        1,
        1,
        5,
        null,
        null,
        1,
        null,
        1,
        null,
        1,
        null,
        1,
        null,
        null,
        null,
        1,
        1,
        null,
        null,
        null,
        null
      ],
      "/home/just806me/Documents/projects/ruby/gems/archer/lib/archer/routes/route_drawer.rb": [
        1,
        1,
        1,
        1,
        null,
        1,
        2,
        null,
        2,
        null,
        2,
        null,
        null,
        null,
        null
      ],
      "/home/just806me/Documents/projects/ruby/gems/archer/lib/archer/routes/route_finder.rb": [
        1,
        1,
        1,
        1,
        null,
        1,
        3,
        null,
        2,
        null,
        null,
        null,
        null
      ],
      "/home/just806me/Documents/projects/ruby/gems/archer/lib/archer/utils.rb": [
        1,
        1,
        1,
        1,
        1
      ],
      "/home/just806me/Documents/projects/ruby/gems/archer/lib/archer/utils/files_loader.rb": [
        1,
        1,
        1,
        1,
        null,
        1,
        2,
        null,
        null,
        null,
        null
      ],
      "/home/just806me/Documents/projects/ruby/gems/archer/lib/archer/utils/loader.rb": [
        1,
        1,
        1,
        1,
        null,
        1,
        1,
        null,
        null,
        1,
        1,
        null,
        null,
        1,
        1,
        2,
        null,
        null,
        1,
        2,
        null,
        null,
        null,
        null
      ],
      "/home/just806me/Documents/projects/ruby/gems/archer/lib/archer/utils/update_decorator.rb": [
        1,
        1,
        1,
        1,
        10,
        null,
        null,
        1,
        2,
        null,
        2,
        null,
        null,
        1,
        1,
        8,
        null,
        null,
        2,
        null,
        2,
        null,
        2,
        null,
        null,
        null,
        1,
        4,
        null,
        null,
        1,
        null,
        1,
        null,
        1,
        null,
        null,
        null,
        1,
        1,
        1,
        null,
        null,
        null,
        null,
        null
      ],
      "/home/just806me/Documents/projects/ruby/gems/archer/lib/archer/utils/update_processer.rb": [
        1,
        1,
        1,
        1,
        null,
        1,
        10,
        null,
        null,
        1,
        3,
        null,
        3,
        null,
        2,
        null,
        2,
        null,
        2,
        null,
        null,
        1,
        1,
        1,
        null,
        null,
        1,
        2,
        null,
        null,
        1,
        1,
        null,
        1,
        null,
        null,
        null,
        null,
        1,
        1,
        1,
        null,
        null,
        null,
        null,
        null
      ],
      "/home/just806me/Documents/projects/ruby/gems/archer/lib/archer/utils/dispatcher.rb": [
        1,
        1,
        1,
        1,
        1,
        1,
        null,
        1,
        null,
        null,
        null,
        1,
        2,
        null,
        2,
        null,
        null,
        1,
        1,
        2,
        null,
        null,
        1,
        2,
        null,
        2,
        null,
        1,
        null,
        null,
        1,
        1,
        null,
        null,
        null,
        null
      ],
      "/home/just806me/Documents/projects/ruby/gems/archer/spec/archer/matchers/command_matcher_spec.rb": [
        1,
        null,
        1,
        6,
        null,
        1,
        1,
        2,
        null,
        2,
        null,
        null,
        1,
        2,
        null,
        2,
        null,
        null,
        1,
        2,
        null,
        2,
        null,
        null,
        null,
        1,
        1,
        2,
        null,
        2,
        null,
        null,
        1,
        2,
        null,
        2,
        null,
        null,
        null
      ],
      "/home/just806me/Documents/projects/ruby/gems/archer/spec/archer/matchers/regexp_matcher_spec.rb": [
        1,
        null,
        1,
        4,
        null,
        1,
        1,
        2,
        null,
        2,
        null,
        null,
        1,
        2,
        null,
        2,
        null,
        null,
        1,
        2,
        null,
        2,
        null,
        null,
        null
      ],
      "/home/just806me/Documents/projects/ruby/gems/archer/spec/archer/matchers/type_matcher_spec.rb": [
        1,
        null,
        1,
        3,
        null,
        1,
        1,
        2,
        null,
        2,
        null,
        null,
        1,
        2,
        null,
        2,
        null,
        null,
        null
      ],
      "/home/just806me/Documents/projects/ruby/gems/archer/spec/archer/routes/route_drawer_spec.rb": [
        1,
        null,
        1,
        1,
        3,
        null,
        1,
        3,
        null,
        2,
        null,
        4,
        null,
        null,
        1,
        3,
        null,
        2,
        null,
        4,
        null,
        null,
        null
      ],
      "/home/just806me/Documents/projects/ruby/gems/archer/spec/archer/routes/route_finder_spec.rb": [
        1,
        null,
        1,
        3,
        null,
        3,
        null,
        1,
        3,
        null,
        2,
        null,
        1,
        2,
        null,
        2,
        null,
        2,
        null,
        2,
        null,
        null,
        null
      ],
      "/home/just806me/Documents/projects/ruby/gems/archer/spec/archer/routes/route_spec.rb": [
        1,
        null,
        1,
        1,
        null,
        11,
        null,
        1,
        2,
        null,
        2,
        null,
        null,
        1,
        1,
        2,
        null,
        2,
        null,
        null,
        1,
        2,
        null,
        2,
        null,
        2,
        null,
        null,
        null,
        1,
        1,
        1,
        null,
        null,
        2,
        null,
        2,
        null,
        null,
        1,
        1,
        2,
        null,
        2,
        null,
        null,
        1,
        2,
        null,
        2,
        null,
        2,
        null,
        null,
        1,
        2,
        null,
        2,
        null,
        2,
        null,
        null,
        1,
        2,
        null,
        2,
        null,
        2,
        null,
        null,
        1,
        2,
        null,
        2,
        null,
        null,
        null,
        1,
        1,
        1,
        1,
        1,
        1,
        null,
        null,
        null,
        null,
        null,
        2,
        null,
        null
      ],
      "/home/just806me/Documents/projects/ruby/gems/archer/spec/archer/telegram/request_spec.rb": [
        1,
        null,
        1,
        6,
        null,
        2,
        null,
        1,
        3,
        null,
        1,
        2,
        null,
        2,
        null,
        null,
        1,
        2,
        null,
        2,
        null,
        2,
        null,
        null,
        null,
        1,
        2,
        null,
        1,
        2,
        null,
        2,
        null,
        null,
        null,
        1,
        2,
        null,
        2,
        null,
        2,
        null,
        null,
        1,
        1,
        2,
        null,
        2,
        null,
        null,
        1,
        2,
        null,
        2,
        null,
        null,
        null
      ],
      "/home/just806me/Documents/projects/ruby/gems/archer/spec/archer/utils/dispatcher_spec.rb": [
        1,
        null,
        1,
        1,
        2,
        null,
        2,
        null,
        null,
        1,
        2,
        null,
        2,
        null,
        2,
        null,
        3,
        null,
        null,
        1,
        1,
        2,
        null,
        2,
        null,
        null,
        1,
        2,
        null,
        2,
        null,
        2,
        null,
        null,
        null,
        1,
        3,
        null,
        1,
        2,
        null,
        2,
        null,
        2,
        null,
        null,
        1,
        2,
        null,
        2,
        null,
        2,
        null,
        null,
        null,
        1,
        5,
        null,
        3,
        null,
        3,
        null,
        1,
        2,
        null,
        4,
        null,
        null,
        1,
        2,
        null,
        2,
        null,
        2,
        null,
        4,
        null,
        null,
        null
      ],
      "/home/just806me/Documents/projects/ruby/gems/archer/spec/archer/utils/files_loader_spec.rb": [
        1,
        null,
        1,
        1,
        2,
        null,
        2,
        null,
        3,
        null,
        null
      ],
      "/home/just806me/Documents/projects/ruby/gems/archer/spec/archer/utils/loader_spec.rb": [
        1,
        null,
        1,
        5,
        null,
        5,
        null,
        1,
        2,
        null,
        2,
        null,
        null,
        1,
        2,
        null,
        2,
        null,
        null,
        2,
        null,
        2,
        null
      ],
      "/home/just806me/Documents/projects/ruby/gems/archer/spec/archer/utils/update_decorator_spec.rb": [
        1,
        null,
        1,
        9,
        null,
        3,
        null,
        1,
        3,
        null,
        3,
        null,
        3,
        null,
        3,
        null,
        3,
        null,
        2,
        null,
        2,
        null,
        null,
        1,
        2,
        null,
        1,
        2,
        null,
        2,
        null,
        null,
        1,
        2,
        null,
        2,
        null,
        null,
        1,
        2,
        null,
        2,
        null,
        null,
        null,
        1,
        2,
        null,
        1,
        2,
        null,
        2,
        null,
        null,
        1,
        2,
        null,
        2,
        null,
        null,
        1,
        2,
        null,
        2,
        null,
        null,
        null,
        1,
        1,
        null,
        null,
        null,
        1,
        2,
        null,
        null,
        null,
        2,
        null,
        null
      ],
      "/home/just806me/Documents/projects/ruby/gems/archer/spec/archer/utils/update_processer_spec.rb": [
        1,
        null,
        1,
        11,
        null,
        2,
        null,
        2,
        null,
        2,
        null,
        1,
        4,
        null,
        1,
        2,
        null,
        3,
        null,
        null,
        1,
        3,
        null,
        3,
        null,
        3,
        null,
        3,
        null,
        3,
        null,
        3,
        null,
        3,
        null,
        3,
        null,
        3,
        null,
        1,
        2,
        null,
        2,
        null,
        3,
        null,
        null,
        1,
        2,
        null,
        2,
        null,
        3,
        null,
        null,
        null,
        null,
        1,
        2,
        null,
        2,
        null,
        null,
        1,
        1,
        2,
        null,
        2,
        null,
        null,
        1,
        2,
        null,
        2,
        null,
        2,
        null,
        null,
        null,
        1,
        2,
        null,
        2,
        null,
        2,
        null,
        1,
        2,
        null,
        2,
        null,
        2,
        null,
        2,
        null,
        2,
        null,
        null,
        null,
        1,
        1,
        1,
        2,
        null,
        null,
        null,
        2,
        null,
        null
      ],
      "/home/just806me/Documents/projects/ruby/gems/archer/spec/archer/views/rendered_view_spec.rb": [
        1,
        null,
        1,
        4,
        null,
        1,
        2,
        null,
        2,
        null,
        null,
        1,
        1,
        2,
        null,
        2,
        null,
        null,
        1,
        2,
        null,
        2,
        null,
        2,
        null,
        2,
        null,
        null,
        null
      ],
      "/home/just806me/Documents/projects/ruby/gems/archer/spec/archer/views/text_view_spec.rb": [
        1,
        null,
        1,
        3,
        null,
        1,
        1,
        2,
        null,
        2,
        null,
        null,
        1,
        2,
        null,
        2,
        null,
        2,
        null,
        null,
        null
      ],
      "/home/just806me/Documents/projects/ruby/gems/archer/spec/archer/views/view_finder_spec.rb": [
        1,
        null,
        1,
        9,
        null,
        1,
        1,
        2,
        null,
        2,
        null,
        null,
        1,
        2,
        null,
        2,
        null,
        2,
        null,
        null,
        null,
        1,
        1,
        2,
        null,
        2,
        null,
        null,
        1,
        2,
        null,
        2,
        null,
        null,
        null,
        1,
        3,
        null,
        1,
        2,
        null,
        2,
        null,
        2,
        null,
        null,
        1,
        2,
        null,
        2,
        null,
        null,
        null,
        1,
        3,
        null,
        1,
        2,
        null,
        2,
        null,
        2,
        null,
        null,
        1,
        2,
        null,
        2,
        null,
        null,
        null,
        1,
        1,
        null,
        null,
        null,
        1,
        2,
        null,
        null,
        null,
        2,
        null,
        null
      ],
      "/home/just806me/Documents/projects/ruby/gems/archer/spec/archer/views/view_helper_spec.rb": [
        1,
        null,
        1,
        14,
        null,
        1,
        13,
        null,
        1,
        1,
        2,
        null,
        2,
        null,
        null,
        1,
        2,
        null,
        2,
        null,
        null,
        null,
        1,
        1,
        2,
        null,
        2,
        null,
        null,
        1,
        2,
        null,
        2,
        null,
        null,
        null,
        1,
        1,
        2,
        null,
        2,
        null,
        null,
        1,
        2,
        null,
        2,
        null,
        null,
        null,
        1,
        1,
        2,
        null,
        2,
        null,
        null,
        1,
        2,
        null,
        2,
        null,
        null,
        null,
        1,
        1,
        2,
        null,
        2,
        null,
        null,
        1,
        2,
        null,
        2,
        null,
        null,
        null,
        1,
        1,
        2,
        null,
        2,
        null,
        null,
        1,
        2,
        null,
        2,
        null,
        null,
        null,
        null,
        1,
        2,
        null,
        2,
        null,
        null
      ],
      "/home/just806me/Documents/projects/ruby/gems/archer/spec/archer_spec.rb": [
        1,
        null,
        1,
        1,
        2,
        null,
        2,
        null,
        null,
        1,
        2,
        null,
        2,
        null,
        null,
        1,
        3,
        null,
        2,
        null,
        null,
        1,
        3,
        null,
        2,
        null,
        null
      ]
    },
    "timestamp": 1515449903
  }
}
